[github.com/flipped-aurora/gin-vue-admin/server]2022/02/01 - 23:36:38.457	[35mdebug[0m	/Users/minmin/Documents/minservice/server/utils/directory.go:44	create directoryautocode_template/server/erpFinanceAsinSummary/api
[github.com/flipped-aurora/gin-vue-admin/server]2022/02/01 - 23:36:38.459	[35mdebug[0m	/Users/minmin/Documents/minservice/server/utils/directory.go:44	create directoryautocode_template/server/erpFinanceAsinSummary/model
[github.com/flipped-aurora/gin-vue-admin/server]2022/02/01 - 23:36:38.459	[35mdebug[0m	/Users/minmin/Documents/minservice/server/utils/directory.go:44	create directoryautocode_template/server/erpFinanceAsinSummary/request
[github.com/flipped-aurora/gin-vue-admin/server]2022/02/01 - 23:36:38.459	[35mdebug[0m	/Users/minmin/Documents/minservice/server/utils/directory.go:44	create directoryautocode_template/server/erpFinanceAsinSummary/router
[github.com/flipped-aurora/gin-vue-admin/server]2022/02/01 - 23:36:38.463	[35mdebug[0m	/Users/minmin/Documents/minservice/server/utils/directory.go:44	create directoryautocode_template/server/erpFinanceAsinSummary/service
[github.com/flipped-aurora/gin-vue-admin/server]2022/02/01 - 23:36:38.464	[35mdebug[0m	/Users/minmin/Documents/minservice/server/utils/directory.go:44	create directoryautocode_template/web/erpFinanceAsinSummary/api
[github.com/flipped-aurora/gin-vue-admin/server]2022/02/01 - 23:36:38.464	[35mdebug[0m	/Users/minmin/Documents/minservice/server/utils/directory.go:44	create directoryautocode_template/web/erpFinanceAsinSummary/form
[github.com/flipped-aurora/gin-vue-admin/server]2022/02/01 - 23:36:38.464	[35mdebug[0m	/Users/minmin/Documents/minservice/server/utils/directory.go:44	create directoryautocode_template/web/erpFinanceAsinSummary/table
[github.com/flipped-aurora/gin-vue-admin/server]2022/02/02 - 12:01:28.225	[35mdebug[0m	/Users/minmin/Documents/minservice/server/utils/directory.go:44	create directoryautocode_template/server/erpFinanceAsinSummary/api
[github.com/flipped-aurora/gin-vue-admin/server]2022/02/02 - 12:01:28.226	[35mdebug[0m	/Users/minmin/Documents/minservice/server/utils/directory.go:44	create directoryautocode_template/server/erpFinanceAsinSummary/model
[github.com/flipped-aurora/gin-vue-admin/server]2022/02/02 - 12:01:28.226	[35mdebug[0m	/Users/minmin/Documents/minservice/server/utils/directory.go:44	create directoryautocode_template/server/erpFinanceAsinSummary/request
[github.com/flipped-aurora/gin-vue-admin/server]2022/02/02 - 12:01:28.226	[35mdebug[0m	/Users/minmin/Documents/minservice/server/utils/directory.go:44	create directoryautocode_template/server/erpFinanceAsinSummary/router
[github.com/flipped-aurora/gin-vue-admin/server]2022/02/02 - 12:01:28.227	[35mdebug[0m	/Users/minmin/Documents/minservice/server/utils/directory.go:44	create directoryautocode_template/server/erpFinanceAsinSummary/service
[github.com/flipped-aurora/gin-vue-admin/server]2022/02/02 - 12:01:28.227	[35mdebug[0m	/Users/minmin/Documents/minservice/server/utils/directory.go:44	create directoryautocode_template/web/erpFinanceAsinSummary/api
[github.com/flipped-aurora/gin-vue-admin/server]2022/02/02 - 12:01:28.227	[35mdebug[0m	/Users/minmin/Documents/minservice/server/utils/directory.go:44	create directoryautocode_template/web/erpFinanceAsinSummary/form
[github.com/flipped-aurora/gin-vue-admin/server]2022/02/02 - 12:01:28.227	[35mdebug[0m	/Users/minmin/Documents/minservice/server/utils/directory.go:44	create directoryautocode_template/web/erpFinanceAsinSummary/table
[github.com/flipped-aurora/gin-vue-admin/server]2022/02/02 - 15:11:16.039	[35mdebug[0m	/Users/minmin/Documents/minservice/server/utils/directory.go:44	create directoryautocode_template/server/erpFinanceAsinSummary/api
[github.com/flipped-aurora/gin-vue-admin/server]2022/02/02 - 15:11:16.044	[35mdebug[0m	/Users/minmin/Documents/minservice/server/utils/directory.go:44	create directoryautocode_template/server/erpFinanceAsinSummary/model
[github.com/flipped-aurora/gin-vue-admin/server]2022/02/02 - 15:11:16.044	[35mdebug[0m	/Users/minmin/Documents/minservice/server/utils/directory.go:44	create directoryautocode_template/server/erpFinanceAsinSummary/request
[github.com/flipped-aurora/gin-vue-admin/server]2022/02/02 - 15:11:16.044	[35mdebug[0m	/Users/minmin/Documents/minservice/server/utils/directory.go:44	create directoryautocode_template/server/erpFinanceAsinSummary/router
[github.com/flipped-aurora/gin-vue-admin/server]2022/02/02 - 15:11:16.044	[35mdebug[0m	/Users/minmin/Documents/minservice/server/utils/directory.go:44	create directoryautocode_template/server/erpFinanceAsinSummary/service
[github.com/flipped-aurora/gin-vue-admin/server]2022/02/02 - 15:11:16.044	[35mdebug[0m	/Users/minmin/Documents/minservice/server/utils/directory.go:44	create directoryautocode_template/web/erpFinanceAsinSummary/api
[github.com/flipped-aurora/gin-vue-admin/server]2022/02/02 - 15:11:16.045	[35mdebug[0m	/Users/minmin/Documents/minservice/server/utils/directory.go:44	create directoryautocode_template/web/erpFinanceAsinSummary/form
[github.com/flipped-aurora/gin-vue-admin/server]2022/02/02 - 15:11:16.045	[35mdebug[0m	/Users/minmin/Documents/minservice/server/utils/directory.go:44	create directoryautocode_template/web/erpFinanceAsinSummary/table
[github.com/flipped-aurora/gin-vue-admin/server]2022/02/02 - 15:13:00.459	[35mdebug[0m	/Users/minmin/Documents/minservice/server/utils/directory.go:44	create directoryautocode_template/server/erpFinanceAsinSummary/api
[github.com/flipped-aurora/gin-vue-admin/server]2022/02/02 - 15:13:00.460	[35mdebug[0m	/Users/minmin/Documents/minservice/server/utils/directory.go:44	create directoryautocode_template/server/erpFinanceAsinSummary/model
[github.com/flipped-aurora/gin-vue-admin/server]2022/02/02 - 15:13:00.460	[35mdebug[0m	/Users/minmin/Documents/minservice/server/utils/directory.go:44	create directoryautocode_template/server/erpFinanceAsinSummary/request
[github.com/flipped-aurora/gin-vue-admin/server]2022/02/02 - 15:13:00.461	[35mdebug[0m	/Users/minmin/Documents/minservice/server/utils/directory.go:44	create directoryautocode_template/server/erpFinanceAsinSummary/router
[github.com/flipped-aurora/gin-vue-admin/server]2022/02/02 - 15:13:00.461	[35mdebug[0m	/Users/minmin/Documents/minservice/server/utils/directory.go:44	create directoryautocode_template/server/erpFinanceAsinSummary/service
[github.com/flipped-aurora/gin-vue-admin/server]2022/02/02 - 15:13:00.461	[35mdebug[0m	/Users/minmin/Documents/minservice/server/utils/directory.go:44	create directoryautocode_template/web/erpFinanceAsinSummary/api
[github.com/flipped-aurora/gin-vue-admin/server]2022/02/02 - 15:13:00.461	[35mdebug[0m	/Users/minmin/Documents/minservice/server/utils/directory.go:44	create directoryautocode_template/web/erpFinanceAsinSummary/form
[github.com/flipped-aurora/gin-vue-admin/server]2022/02/02 - 15:13:00.461	[35mdebug[0m	/Users/minmin/Documents/minservice/server/utils/directory.go:44	create directoryautocode_template/web/erpFinanceAsinSummary/table
[github.com/flipped-aurora/gin-vue-admin/server]2022/02/11 - 16:10:57.334	[35mdebug[0m	/Users/minmin/Documents/minservice/server/utils/directory.go:45	create directoryautocode_template/server/erpListingDetail/api
[github.com/flipped-aurora/gin-vue-admin/server]2022/02/11 - 16:10:57.336	[35mdebug[0m	/Users/minmin/Documents/minservice/server/utils/directory.go:45	create directoryautocode_template/server/erpListingDetail/model
[github.com/flipped-aurora/gin-vue-admin/server]2022/02/11 - 16:10:57.336	[35mdebug[0m	/Users/minmin/Documents/minservice/server/utils/directory.go:45	create directoryautocode_template/server/erpListingDetail/request
[github.com/flipped-aurora/gin-vue-admin/server]2022/02/11 - 16:10:57.336	[35mdebug[0m	/Users/minmin/Documents/minservice/server/utils/directory.go:45	create directoryautocode_template/server/erpListingDetail/router
[github.com/flipped-aurora/gin-vue-admin/server]2022/02/11 - 16:10:57.336	[35mdebug[0m	/Users/minmin/Documents/minservice/server/utils/directory.go:45	create directoryautocode_template/server/erpListingDetail/service
[github.com/flipped-aurora/gin-vue-admin/server]2022/02/11 - 16:10:57.336	[35mdebug[0m	/Users/minmin/Documents/minservice/server/utils/directory.go:45	create directoryautocode_template/web/erpListingDetail/api
[github.com/flipped-aurora/gin-vue-admin/server]2022/02/11 - 16:10:57.336	[35mdebug[0m	/Users/minmin/Documents/minservice/server/utils/directory.go:45	create directoryautocode_template/web/erpListingDetail/form
[github.com/flipped-aurora/gin-vue-admin/server]2022/02/11 - 16:10:57.336	[35mdebug[0m	/Users/minmin/Documents/minservice/server/utils/directory.go:45	create directoryautocode_template/web/erpListingDetail/table
[github.com/flipped-aurora/gin-vue-admin/server]2022/02/11 - 16:11:39.258	[35mdebug[0m	/Users/minmin/Documents/minservice/server/utils/directory.go:45	create directoryautocode_template/server/erpListingDetail/api
[github.com/flipped-aurora/gin-vue-admin/server]2022/02/11 - 16:11:39.259	[35mdebug[0m	/Users/minmin/Documents/minservice/server/utils/directory.go:45	create directoryautocode_template/server/erpListingDetail/model
[github.com/flipped-aurora/gin-vue-admin/server]2022/02/11 - 16:11:39.259	[35mdebug[0m	/Users/minmin/Documents/minservice/server/utils/directory.go:45	create directoryautocode_template/server/erpListingDetail/request
[github.com/flipped-aurora/gin-vue-admin/server]2022/02/11 - 16:11:39.259	[35mdebug[0m	/Users/minmin/Documents/minservice/server/utils/directory.go:45	create directoryautocode_template/server/erpListingDetail/router
[github.com/flipped-aurora/gin-vue-admin/server]2022/02/11 - 16:11:39.259	[35mdebug[0m	/Users/minmin/Documents/minservice/server/utils/directory.go:45	create directoryautocode_template/server/erpListingDetail/service
[github.com/flipped-aurora/gin-vue-admin/server]2022/02/11 - 16:11:39.259	[35mdebug[0m	/Users/minmin/Documents/minservice/server/utils/directory.go:45	create directoryautocode_template/web/erpListingDetail/api
[github.com/flipped-aurora/gin-vue-admin/server]2022/02/11 - 16:11:39.260	[35mdebug[0m	/Users/minmin/Documents/minservice/server/utils/directory.go:45	create directoryautocode_template/web/erpListingDetail/form
[github.com/flipped-aurora/gin-vue-admin/server]2022/02/11 - 16:11:39.260	[35mdebug[0m	/Users/minmin/Documents/minservice/server/utils/directory.go:45	create directoryautocode_template/web/erpListingDetail/table
[github.com/flipped-aurora/gin-vue-admin/server]2022/02/14 - 16:38:17.351	[35mdebug[0m	/Users/minmin/Documents/minservice/server/utils/directory.go:45	create directoryautocode_template/server/spConfig/api
[github.com/flipped-aurora/gin-vue-admin/server]2022/02/14 - 16:38:17.361	[35mdebug[0m	/Users/minmin/Documents/minservice/server/utils/directory.go:45	create directoryautocode_template/server/spConfig/model
[github.com/flipped-aurora/gin-vue-admin/server]2022/02/14 - 16:38:17.362	[35mdebug[0m	/Users/minmin/Documents/minservice/server/utils/directory.go:45	create directoryautocode_template/server/spConfig/request
[github.com/flipped-aurora/gin-vue-admin/server]2022/02/14 - 16:38:17.362	[35mdebug[0m	/Users/minmin/Documents/minservice/server/utils/directory.go:45	create directoryautocode_template/server/spConfig/router
[github.com/flipped-aurora/gin-vue-admin/server]2022/02/14 - 16:38:17.362	[35mdebug[0m	/Users/minmin/Documents/minservice/server/utils/directory.go:45	create directoryautocode_template/server/spConfig/service
[github.com/flipped-aurora/gin-vue-admin/server]2022/02/14 - 16:38:17.362	[35mdebug[0m	/Users/minmin/Documents/minservice/server/utils/directory.go:45	create directoryautocode_template/web/spConfig/api
[github.com/flipped-aurora/gin-vue-admin/server]2022/02/14 - 16:38:17.362	[35mdebug[0m	/Users/minmin/Documents/minservice/server/utils/directory.go:45	create directoryautocode_template/web/spConfig/form
[github.com/flipped-aurora/gin-vue-admin/server]2022/02/14 - 16:38:17.362	[35mdebug[0m	/Users/minmin/Documents/minservice/server/utils/directory.go:45	create directoryautocode_template/web/spConfig/table
[github.com/flipped-aurora/gin-vue-admin/server]2022/02/14 - 16:43:19.465	[35mdebug[0m	/Users/minmin/Documents/minservice/minerpserver/utils/directory.go:45	create directoryautocode_template/server/spConfig/api
[github.com/flipped-aurora/gin-vue-admin/server]2022/02/14 - 16:43:19.466	[35mdebug[0m	/Users/minmin/Documents/minservice/minerpserver/utils/directory.go:45	create directoryautocode_template/server/spConfig/model
[github.com/flipped-aurora/gin-vue-admin/server]2022/02/14 - 16:43:19.466	[35mdebug[0m	/Users/minmin/Documents/minservice/minerpserver/utils/directory.go:45	create directoryautocode_template/server/spConfig/request
[github.com/flipped-aurora/gin-vue-admin/server]2022/02/14 - 16:43:19.466	[35mdebug[0m	/Users/minmin/Documents/minservice/minerpserver/utils/directory.go:45	create directoryautocode_template/server/spConfig/router
[github.com/flipped-aurora/gin-vue-admin/server]2022/02/14 - 16:43:19.466	[35mdebug[0m	/Users/minmin/Documents/minservice/minerpserver/utils/directory.go:45	create directoryautocode_template/server/spConfig/service
[github.com/flipped-aurora/gin-vue-admin/server]2022/02/14 - 16:43:19.467	[35mdebug[0m	/Users/minmin/Documents/minservice/minerpserver/utils/directory.go:45	create directoryautocode_template/web/spConfig/api
[github.com/flipped-aurora/gin-vue-admin/server]2022/02/14 - 16:43:19.467	[35mdebug[0m	/Users/minmin/Documents/minservice/minerpserver/utils/directory.go:45	create directoryautocode_template/web/spConfig/form
[github.com/flipped-aurora/gin-vue-admin/server]2022/02/14 - 16:43:19.467	[35mdebug[0m	/Users/minmin/Documents/minservice/minerpserver/utils/directory.go:45	create directoryautocode_template/web/spConfig/table
[github.com/flipped-aurora/gin-vue-admin/server]2022/02/14 - 16:43:46.842	[35mdebug[0m	/Users/minmin/Documents/minservice/minerpserver/utils/directory.go:45	create directoryautocode_template/server/spConfig/api
[github.com/flipped-aurora/gin-vue-admin/server]2022/02/14 - 16:43:46.843	[35mdebug[0m	/Users/minmin/Documents/minservice/minerpserver/utils/directory.go:45	create directoryautocode_template/server/spConfig/model
[github.com/flipped-aurora/gin-vue-admin/server]2022/02/14 - 16:43:46.844	[35mdebug[0m	/Users/minmin/Documents/minservice/minerpserver/utils/directory.go:45	create directoryautocode_template/server/spConfig/request
[github.com/flipped-aurora/gin-vue-admin/server]2022/02/14 - 16:43:46.844	[35mdebug[0m	/Users/minmin/Documents/minservice/minerpserver/utils/directory.go:45	create directoryautocode_template/server/spConfig/router
[github.com/flipped-aurora/gin-vue-admin/server]2022/02/14 - 16:43:46.844	[35mdebug[0m	/Users/minmin/Documents/minservice/minerpserver/utils/directory.go:45	create directoryautocode_template/server/spConfig/service
[github.com/flipped-aurora/gin-vue-admin/server]2022/02/14 - 16:43:46.844	[35mdebug[0m	/Users/minmin/Documents/minservice/minerpserver/utils/directory.go:45	create directoryautocode_template/web/spConfig/api
[github.com/flipped-aurora/gin-vue-admin/server]2022/02/14 - 16:43:46.845	[35mdebug[0m	/Users/minmin/Documents/minservice/minerpserver/utils/directory.go:45	create directoryautocode_template/web/spConfig/form
[github.com/flipped-aurora/gin-vue-admin/server]2022/02/14 - 16:43:46.845	[35mdebug[0m	/Users/minmin/Documents/minservice/minerpserver/utils/directory.go:45	create directoryautocode_template/web/spConfig/table
